[INFO] main.py:35 > Set the device (cpu)
[INFO] main.py:87 > set train/test datalist for the current task!
[INFO] finetune.py:100 > Apply before_task
[INFO] finetune.py:104 > Increasing fc layer:  0  ---->  10
[INFO] finetune.py:123 > Reset the optimizer and scheduler states
[INFO] iCaRL.py:69 > ##########Start Training##########
[INFO] iCaRL.py:76 > New training samples: 5500
[INFO] iCaRL.py:77 > In-memory samples: 0
[INFO] iCaRL.py:78 > Train samples: 5500
[INFO] iCaRL.py:79 > Test samples: 1000
[INFO] iCaRL.py:114 > Task 0 | Epoch 1/20 | lr 0.1000 | train_loss 2.7431 | train_acc 0.3064 | test_loss 2.2834 | test_acc 0.3410 |
[INFO] iCaRL.py:114 > Task 0 | Epoch 2/20 | lr 0.1000 | train_loss 1.8359 | train_acc 0.4111 | test_loss 1.9652 | test_acc 0.3500 |
[INFO] iCaRL.py:114 > Task 0 | Epoch 3/20 | lr 0.0505 | train_loss 1.5331 | train_acc 0.4978 | test_loss 1.5697 | test_acc 0.4640 |
[INFO] iCaRL.py:114 > Task 0 | Epoch 4/20 | lr 0.1000 | train_loss 1.5270 | train_acc 0.5069 | test_loss 1.7049 | test_acc 0.4420 |
[INFO] iCaRL.py:114 > Task 0 | Epoch 5/20 | lr 0.0855 | train_loss 1.4484 | train_acc 0.5290 | test_loss 1.4509 | test_acc 0.5090 |
[INFO] iCaRL.py:114 > Task 0 | Epoch 6/20 | lr 0.0505 | train_loss 1.2243 | train_acc 0.5789 | test_loss 1.5056 | test_acc 0.5880 |
[INFO] iCaRL.py:114 > Task 0 | Epoch 7/20 | lr 0.0155 | train_loss 1.0846 | train_acc 0.6228 | test_loss 1.1839 | test_acc 0.6250 |
[INFO] iCaRL.py:114 > Task 0 | Epoch 8/20 | lr 0.1000 | train_loss 1.2285 | train_acc 0.5813 | test_loss 1.4362 | test_acc 0.5520 |
[INFO] iCaRL.py:114 > Task 0 | Epoch 9/20 | lr 0.0962 | train_loss 1.1743 | train_acc 0.5980 | test_loss 1.3872 | test_acc 0.5290 |
[INFO] iCaRL.py:114 > Task 0 | Epoch 10/20 | lr 0.0855 | train_loss 1.1682 | train_acc 0.6099 | test_loss 1.4390 | test_acc 0.5600 |
[INFO] iCaRL.py:114 > Task 0 | Epoch 11/20 | lr 0.0694 | train_loss 1.0230 | train_acc 0.6412 | test_loss 1.1565 | test_acc 0.6230 |
[INFO] iCaRL.py:114 > Task 0 | Epoch 12/20 | lr 0.0505 | train_loss 0.9295 | train_acc 0.6789 | test_loss 1.1361 | test_acc 0.6430 |
[INFO] iCaRL.py:114 > Task 0 | Epoch 13/20 | lr 0.0316 | train_loss 0.8428 | train_acc 0.7057 | test_loss 1.0999 | test_acc 0.6680 |
[INFO] iCaRL.py:114 > Task 0 | Epoch 14/20 | lr 0.0155 | train_loss 0.7672 | train_acc 0.7238 | test_loss 1.0533 | test_acc 0.6770 |
[INFO] iCaRL.py:114 > Task 0 | Epoch 15/20 | lr 0.0048 | train_loss 0.7110 | train_acc 0.7515 | test_loss 1.0089 | test_acc 0.7010 |
[INFO] iCaRL.py:114 > Task 0 | Epoch 16/20 | lr 0.1000 | train_loss 0.9491 | train_acc 0.6695 | test_loss 1.1987 | test_acc 0.6230 |
[INFO] iCaRL.py:114 > Task 0 | Epoch 17/20 | lr 0.0990 | train_loss 0.9128 | train_acc 0.6836 | test_loss 1.2801 | test_acc 0.6220 |
[INFO] iCaRL.py:114 > Task 0 | Epoch 18/20 | lr 0.0962 | train_loss 0.8586 | train_acc 0.7009 | test_loss 1.2583 | test_acc 0.6410 |
[INFO] iCaRL.py:114 > Task 0 | Epoch 19/20 | lr 0.0917 | train_loss 0.8209 | train_acc 0.7076 | test_loss 1.1782 | test_acc 0.6610 |
[INFO] iCaRL.py:114 > Task 0 | Epoch 20/20 | lr 0.0855 | train_loss 0.7371 | train_acc 0.7411 | test_loss 1.1823 | test_acc 0.6540 |
[INFO] main.py:87 > set train/test datalist for the current task!
[INFO] finetune.py:100 > Apply before_task
[INFO] finetune.py:104 > Increasing fc layer:  10  ---->  20
[INFO] finetune.py:123 > Reset the optimizer and scheduler states
[INFO] iCaRL.py:69 > ##########Start Training##########
[INFO] iCaRL.py:76 > New training samples: 5000
[INFO] iCaRL.py:77 > In-memory samples: 500
[INFO] iCaRL.py:78 > Train samples: 5500
[INFO] iCaRL.py:79 > Test samples: 2000
[INFO] iCaRL.py:114 > Task 1 | Epoch 1/20 | lr 0.1000 | train_loss 1.9272 | train_acc 0.4606 | test_loss 2.5224 | test_acc 0.3270 |
[INFO] iCaRL.py:114 > Task 1 | Epoch 2/20 | lr 0.1000 | train_loss 1.2995 | train_acc 0.5848 | test_loss 2.6066 | test_acc 0.3705 |
[INFO] iCaRL.py:114 > Task 1 | Epoch 3/20 | lr 0.0505 | train_loss 1.1121 | train_acc 0.6423 | test_loss 2.2084 | test_acc 0.3995 |
[INFO] iCaRL.py:114 > Task 1 | Epoch 4/20 | lr 0.1000 | train_loss 1.1421 | train_acc 0.6328 | test_loss 3.5245 | test_acc 0.3765 |
[INFO] iCaRL.py:114 > Task 1 | Epoch 5/20 | lr 0.0855 | train_loss 1.0651 | train_acc 0.6585 | test_loss 2.2869 | test_acc 0.3955 |
[INFO] iCaRL.py:114 > Task 1 | Epoch 6/20 | lr 0.0505 | train_loss 0.9183 | train_acc 0.7037 | test_loss 1.9569 | test_acc 0.4645 |
[INFO] iCaRL.py:114 > Task 1 | Epoch 7/20 | lr 0.0155 | train_loss 0.7503 | train_acc 0.7545 | test_loss 1.8392 | test_acc 0.4915 |
[INFO] iCaRL.py:114 > Task 1 | Epoch 8/20 | lr 0.1000 | train_loss 0.9193 | train_acc 0.6951 | test_loss 2.3526 | test_acc 0.4350 |
[INFO] iCaRL.py:114 > Task 1 | Epoch 9/20 | lr 0.0962 | train_loss 0.8808 | train_acc 0.7160 | test_loss 2.0910 | test_acc 0.4510 |
[INFO] iCaRL.py:114 > Task 1 | Epoch 10/20 | lr 0.0855 | train_loss 0.7855 | train_acc 0.7424 | test_loss 1.9926 | test_acc 0.4865 |
[INFO] iCaRL.py:114 > Task 1 | Epoch 11/20 | lr 0.0694 | train_loss 0.6934 | train_acc 0.7695 | test_loss 2.1853 | test_acc 0.4850 |
[INFO] iCaRL.py:114 > Task 1 | Epoch 12/20 | lr 0.0505 | train_loss 0.5893 | train_acc 0.8030 | test_loss 2.0013 | test_acc 0.5165 |
[INFO] main.py:87 > set train/test datalist for the current task!
[INFO] finetune.py:100 > Apply before_task
[INFO] finetune.py:104 > Increasing fc layer:  20  ---->  30
[INFO] finetune.py:123 > Reset the optimizer and scheduler states
[INFO] iCaRL.py:69 > ##########Start Training##########
[INFO] iCaRL.py:76 > New training samples: 5000
[INFO] iCaRL.py:77 > In-memory samples: 500
[INFO] iCaRL.py:78 > Train samples: 5500
[INFO] iCaRL.py:79 > Test samples: 3000
[INFO] iCaRL.py:114 > Task 2 | Epoch 1/20 | lr 0.1000 | train_loss 1.8798 | train_acc 0.4929 | test_loss 4.1125 | test_acc 0.2597 |
[INFO] iCaRL.py:114 > Task 2 | Epoch 2/20 | lr 0.1000 | train_loss 1.1406 | train_acc 0.6494 | test_loss 2.6493 | test_acc 0.3540 |
[INFO] iCaRL.py:114 > Task 2 | Epoch 3/20 | lr 0.0505 | train_loss 0.9055 | train_acc 0.7113 | test_loss 2.4593 | test_acc 0.3887 |
[INFO] iCaRL.py:114 > Task 2 | Epoch 4/20 | lr 0.1000 | train_loss 0.8973 | train_acc 0.7117 | test_loss 2.6250 | test_acc 0.3547 |
[INFO] iCaRL.py:114 > Task 2 | Epoch 5/20 | lr 0.0855 | train_loss 0.8051 | train_acc 0.7347 | test_loss 2.3500 | test_acc 0.4167 |
[INFO] iCaRL.py:114 > Task 2 | Epoch 6/20 | lr 0.0505 | train_loss 0.6472 | train_acc 0.7933 | test_loss 2.2049 | test_acc 0.4287 |
[INFO] iCaRL.py:114 > Task 2 | Epoch 7/20 | lr 0.0155 | train_loss 0.5308 | train_acc 0.8255 | test_loss 2.2040 | test_acc 0.4580 |
[INFO] iCaRL.py:114 > Task 2 | Epoch 8/20 | lr 0.1000 | train_loss 0.6701 | train_acc 0.7764 | test_loss 2.6406 | test_acc 0.3923 |
[INFO] iCaRL.py:114 > Task 2 | Epoch 9/20 | lr 0.0962 | train_loss 0.6497 | train_acc 0.7753 | test_loss 2.4726 | test_acc 0.4237 |
[INFO] iCaRL.py:114 > Task 2 | Epoch 10/20 | lr 0.0855 | train_loss 0.5569 | train_acc 0.8162 | test_loss 2.4938 | test_acc 0.4260 |
[INFO] iCaRL.py:114 > Task 2 | Epoch 11/20 | lr 0.0694 | train_loss 0.4632 | train_acc 0.8451 | test_loss 2.5675 | test_acc 0.4483 |
[INFO] iCaRL.py:114 > Task 2 | Epoch 12/20 | lr 0.0505 | train_loss 0.3674 | train_acc 0.8783 | test_loss 2.6868 | test_acc 0.4323 |
[INFO] main.py:87 > set train/test datalist for the current task!
[INFO] finetune.py:100 > Apply before_task
[INFO] finetune.py:104 > Increasing fc layer:  30  ---->  40
[INFO] finetune.py:123 > Reset the optimizer and scheduler states
[INFO] iCaRL.py:69 > ##########Start Training##########
[INFO] iCaRL.py:76 > New training samples: 5000
[INFO] iCaRL.py:77 > In-memory samples: 480
[INFO] iCaRL.py:78 > Train samples: 5480
[INFO] iCaRL.py:79 > Test samples: 4000
[INFO] iCaRL.py:114 > Task 3 | Epoch 1/20 | lr 0.1000 | train_loss 1.9140 | train_acc 0.5117 | test_loss 4.6041 | test_acc 0.1703 |
[INFO] iCaRL.py:114 > Task 3 | Epoch 2/20 | lr 0.1000 | train_loss 0.9962 | train_acc 0.6940 | test_loss 3.4234 | test_acc 0.2445 |
[INFO] iCaRL.py:114 > Task 3 | Epoch 3/20 | lr 0.0505 | train_loss 0.7350 | train_acc 0.7638 | test_loss 2.8664 | test_acc 0.3292 |
[INFO] iCaRL.py:114 > Task 3 | Epoch 4/20 | lr 0.1000 | train_loss 0.7160 | train_acc 0.7708 | test_loss 2.9967 | test_acc 0.3127 |
[INFO] iCaRL.py:114 > Task 3 | Epoch 5/20 | lr 0.0855 | train_loss 0.6102 | train_acc 0.7959 | test_loss 2.8330 | test_acc 0.3555 |
[INFO] iCaRL.py:114 > Task 3 | Epoch 6/20 | lr 0.0505 | train_loss 0.4712 | train_acc 0.8456 | test_loss 2.8274 | test_acc 0.3760 |
[INFO] iCaRL.py:114 > Task 3 | Epoch 7/20 | lr 0.0155 | train_loss 0.3651 | train_acc 0.8780 | test_loss 2.6823 | test_acc 0.3997 |
[INFO] iCaRL.py:114 > Task 3 | Epoch 8/20 | lr 0.1000 | train_loss 0.4846 | train_acc 0.8359 | test_loss 3.6696 | test_acc 0.3172 |
[INFO] iCaRL.py:114 > Task 3 | Epoch 9/20 | lr 0.0962 | train_loss 0.4786 | train_acc 0.8380 | test_loss 3.2836 | test_acc 0.3230 |
[INFO] iCaRL.py:114 > Task 3 | Epoch 10/20 | lr 0.0855 | train_loss 0.4081 | train_acc 0.8620 | test_loss 2.8420 | test_acc 0.3800 |
[INFO] iCaRL.py:114 > Task 3 | Epoch 11/20 | lr 0.0694 | train_loss 0.3245 | train_acc 0.8901 | test_loss 3.4510 | test_acc 0.3485 |
[INFO] iCaRL.py:114 > Task 3 | Epoch 12/20 | lr 0.0505 | train_loss 0.2388 | train_acc 0.9193 | test_loss 3.0604 | test_acc 0.3872 |
[INFO] main.py:87 > set train/test datalist for the current task!
[INFO] finetune.py:100 > Apply before_task
[INFO] finetune.py:104 > Increasing fc layer:  40  ---->  50
[INFO] finetune.py:123 > Reset the optimizer and scheduler states
[INFO] iCaRL.py:69 > ##########Start Training##########
[INFO] iCaRL.py:76 > New training samples: 5000
[INFO] iCaRL.py:77 > In-memory samples: 480
[INFO] iCaRL.py:78 > Train samples: 5480
[INFO] iCaRL.py:79 > Test samples: 5000
[INFO] iCaRL.py:114 > Task 4 | Epoch 1/20 | lr 0.1000 | train_loss 2.1673 | train_acc 0.4665 | test_loss 5.2311 | test_acc 0.1570 |
[INFO] iCaRL.py:114 > Task 4 | Epoch 2/20 | lr 0.1000 | train_loss 1.1231 | train_acc 0.6564 | test_loss 3.6215 | test_acc 0.2468 |
[INFO] iCaRL.py:114 > Task 4 | Epoch 3/20 | lr 0.0505 | train_loss 0.8429 | train_acc 0.7338 | test_loss 3.4682 | test_acc 0.2722 |
[INFO] iCaRL.py:114 > Task 4 | Epoch 4/20 | lr 0.1000 | train_loss 0.8165 | train_acc 0.7433 | test_loss 3.7946 | test_acc 0.2282 |
[INFO] iCaRL.py:114 > Task 4 | Epoch 5/20 | lr 0.0855 | train_loss 0.7008 | train_acc 0.7664 | test_loss 3.3307 | test_acc 0.3032 |
[INFO] iCaRL.py:114 > Task 4 | Epoch 6/20 | lr 0.0505 | train_loss 0.5360 | train_acc 0.8251 | test_loss 3.3432 | test_acc 0.3168 |
[INFO] iCaRL.py:114 > Task 4 | Epoch 7/20 | lr 0.0155 | train_loss 0.4078 | train_acc 0.8694 | test_loss 3.3241 | test_acc 0.3242 |
[INFO] iCaRL.py:114 > Task 4 | Epoch 8/20 | lr 0.1000 | train_loss 0.5246 | train_acc 0.8233 | test_loss 3.9444 | test_acc 0.2934 |
[INFO] iCaRL.py:114 > Task 4 | Epoch 9/20 | lr 0.0962 | train_loss 0.5490 | train_acc 0.8170 | test_loss 3.9133 | test_acc 0.2888 |
[INFO] iCaRL.py:114 > Task 4 | Epoch 10/20 | lr 0.0855 | train_loss 0.4351 | train_acc 0.8549 | test_loss 4.1991 | test_acc 0.2860 |
[INFO] iCaRL.py:114 > Task 4 | Epoch 11/20 | lr 0.0694 | train_loss 0.3410 | train_acc 0.8903 | test_loss 4.2100 | test_acc 0.2834 |
[INFO] iCaRL.py:114 > Task 4 | Epoch 12/20 | lr 0.0505 | train_loss 0.2506 | train_acc 0.9219 | test_loss 4.2731 | test_acc 0.3050 |
[INFO] main.py:87 > set train/test datalist for the current task!
[INFO] finetune.py:100 > Apply before_task
[INFO] finetune.py:104 > Increasing fc layer:  50  ---->  60
[INFO] finetune.py:123 > Reset the optimizer and scheduler states
[INFO] iCaRL.py:69 > ##########Start Training##########
[INFO] iCaRL.py:76 > New training samples: 5000
[INFO] iCaRL.py:77 > In-memory samples: 500
[INFO] iCaRL.py:78 > Train samples: 5500
[INFO] iCaRL.py:79 > Test samples: 6000
[INFO] iCaRL.py:114 > Task 5 | Epoch 1/20 | lr 0.1000 | train_loss 2.1823 | train_acc 0.4862 | test_loss 5.5452 | test_acc 0.1763 |
[INFO] iCaRL.py:114 > Task 5 | Epoch 2/20 | lr 0.1000 | train_loss 1.0603 | train_acc 0.6801 | test_loss 4.4233 | test_acc 0.1920 |
[INFO] iCaRL.py:114 > Task 5 | Epoch 3/20 | lr 0.0505 | train_loss 0.7840 | train_acc 0.7589 | test_loss 3.9362 | test_acc 0.2492 |
[INFO] iCaRL.py:114 > Task 5 | Epoch 4/20 | lr 0.1000 | train_loss 0.7394 | train_acc 0.7662 | test_loss 3.9407 | test_acc 0.2540 |
[INFO] iCaRL.py:114 > Task 5 | Epoch 5/20 | lr 0.0855 | train_loss 0.6161 | train_acc 0.8000 | test_loss 3.9795 | test_acc 0.2745 |
[INFO] iCaRL.py:114 > Task 5 | Epoch 6/20 | lr 0.0505 | train_loss 0.4774 | train_acc 0.8540 | test_loss 3.9657 | test_acc 0.2742 |
[INFO] iCaRL.py:114 > Task 5 | Epoch 7/20 | lr 0.0155 | train_loss 0.3452 | train_acc 0.8981 | test_loss 3.7689 | test_acc 0.2983 |
[INFO] iCaRL.py:114 > Task 5 | Epoch 8/20 | lr 0.1000 | train_loss 0.4640 | train_acc 0.8531 | test_loss 4.7888 | test_acc 0.2452 |
[INFO] iCaRL.py:114 > Task 5 | Epoch 9/20 | lr 0.0962 | train_loss 0.4633 | train_acc 0.8475 | test_loss 4.6411 | test_acc 0.2493 |
[INFO] iCaRL.py:114 > Task 5 | Epoch 10/20 | lr 0.0855 | train_loss 0.3699 | train_acc 0.8832 | test_loss 4.8806 | test_acc 0.2353 |
[INFO] iCaRL.py:114 > Task 5 | Epoch 11/20 | lr 0.0694 | train_loss 0.2838 | train_acc 0.9051 | test_loss 4.3914 | test_acc 0.2867 |
[INFO] iCaRL.py:114 > Task 5 | Epoch 12/20 | lr 0.0505 | train_loss 0.1989 | train_acc 0.9420 | test_loss 4.3923 | test_acc 0.2963 |
[INFO] main.py:87 > set train/test datalist for the current task!
[INFO] finetune.py:100 > Apply before_task
[INFO] finetune.py:104 > Increasing fc layer:  60  ---->  70
[INFO] finetune.py:123 > Reset the optimizer and scheduler states
[INFO] iCaRL.py:69 > ##########Start Training##########
[INFO] iCaRL.py:76 > New training samples: 5000
[INFO] iCaRL.py:77 > In-memory samples: 480
[INFO] iCaRL.py:78 > Train samples: 5480
[INFO] iCaRL.py:79 > Test samples: 7000
[INFO] iCaRL.py:114 > Task 6 | Epoch 1/20 | lr 0.1000 | train_loss 2.2712 | train_acc 0.4898 | test_loss 5.2836 | test_acc 0.1310 |
[INFO] iCaRL.py:114 > Task 6 | Epoch 2/20 | lr 0.1000 | train_loss 0.9625 | train_acc 0.7154 | test_loss 5.0017 | test_acc 0.1601 |
[INFO] iCaRL.py:114 > Task 6 | Epoch 3/20 | lr 0.0505 | train_loss 0.6710 | train_acc 0.7985 | test_loss 4.5687 | test_acc 0.1947 |
[INFO] iCaRL.py:114 > Task 6 | Epoch 4/20 | lr 0.1000 | train_loss 0.6092 | train_acc 0.8121 | test_loss 4.3505 | test_acc 0.2033 |
[INFO] iCaRL.py:114 > Task 6 | Epoch 5/20 | lr 0.0855 | train_loss 0.4858 | train_acc 0.8531 | test_loss 4.4853 | test_acc 0.2137 |
[INFO] iCaRL.py:114 > Task 6 | Epoch 6/20 | lr 0.0505 | train_loss 0.3445 | train_acc 0.8947 | test_loss 4.4227 | test_acc 0.2346 |
[INFO] iCaRL.py:114 > Task 6 | Epoch 7/20 | lr 0.0155 | train_loss 0.2424 | train_acc 0.9323 | test_loss 4.2884 | test_acc 0.2464 |
[INFO] iCaRL.py:114 > Task 6 | Epoch 8/20 | lr 0.1000 | train_loss 0.3212 | train_acc 0.9010 | test_loss 5.1483 | test_acc 0.2140 |
[INFO] iCaRL.py:114 > Task 6 | Epoch 9/20 | lr 0.0962 | train_loss 0.3297 | train_acc 0.8938 | test_loss 5.2924 | test_acc 0.2133 |
[INFO] iCaRL.py:114 > Task 6 | Epoch 10/20 | lr 0.0855 | train_loss 0.2713 | train_acc 0.9139 | test_loss 4.7605 | test_acc 0.2404 |
[INFO] iCaRL.py:114 > Task 6 | Epoch 11/20 | lr 0.0694 | train_loss 0.2039 | train_acc 0.9347 | test_loss 4.5937 | test_acc 0.2581 |
[INFO] iCaRL.py:114 > Task 6 | Epoch 12/20 | lr 0.0505 | train_loss 0.1268 | train_acc 0.9652 | test_loss 4.8148 | test_acc 0.2557 |
[INFO] main.py:87 > set train/test datalist for the current task!
[INFO] finetune.py:100 > Apply before_task
[INFO] finetune.py:104 > Increasing fc layer:  70  ---->  80
[INFO] finetune.py:123 > Reset the optimizer and scheduler states
[INFO] iCaRL.py:69 > ##########Start Training##########
[INFO] iCaRL.py:76 > New training samples: 5000
[INFO] iCaRL.py:77 > In-memory samples: 490
[INFO] iCaRL.py:78 > Train samples: 5490
[INFO] iCaRL.py:79 > Test samples: 8000
[INFO] iCaRL.py:114 > Task 7 | Epoch 1/20 | lr 0.1000 | train_loss 1.9519 | train_acc 0.5766 | test_loss 5.9076 | test_acc 0.1419 |
[INFO] iCaRL.py:114 > Task 7 | Epoch 2/20 | lr 0.1000 | train_loss 0.7242 | train_acc 0.7822 | test_loss 4.6759 | test_acc 0.1806 |
[INFO] iCaRL.py:114 > Task 7 | Epoch 3/20 | lr 0.0505 | train_loss 0.5011 | train_acc 0.8462 | test_loss 4.6910 | test_acc 0.1867 |
[INFO] iCaRL.py:114 > Task 7 | Epoch 4/20 | lr 0.1000 | train_loss 0.4657 | train_acc 0.8549 | test_loss 4.9883 | test_acc 0.1864 |
[INFO] iCaRL.py:114 > Task 7 | Epoch 5/20 | lr 0.0855 | train_loss 0.3672 | train_acc 0.8836 | test_loss 5.0748 | test_acc 0.1775 |
[INFO] iCaRL.py:114 > Task 7 | Epoch 6/20 | lr 0.0505 | train_loss 0.2485 | train_acc 0.9237 | test_loss 4.6789 | test_acc 0.2149 |
[INFO] iCaRL.py:114 > Task 7 | Epoch 7/20 | lr 0.0155 | train_loss 0.1898 | train_acc 0.9438 | test_loss 4.8240 | test_acc 0.2120 |
[INFO] main.py:87 > set train/test datalist for the current task!
[INFO] finetune.py:100 > Apply before_task
[INFO] finetune.py:104 > Increasing fc layer:  80  ---->  90
[INFO] finetune.py:123 > Reset the optimizer and scheduler states
[INFO] iCaRL.py:69 > ##########Start Training##########
[INFO] iCaRL.py:76 > New training samples: 5000
[INFO] iCaRL.py:77 > In-memory samples: 480
[INFO] iCaRL.py:78 > Train samples: 5480
[INFO] iCaRL.py:79 > Test samples: 9000
[INFO] iCaRL.py:114 > Task 8 | Epoch 1/20 | lr 0.1000 | train_loss 2.0061 | train_acc 0.5837 | test_loss 5.5879 | test_acc 0.1140 |
[INFO] iCaRL.py:114 > Task 8 | Epoch 2/20 | lr 0.1000 | train_loss 0.6948 | train_acc 0.8012 | test_loss 5.0742 | test_acc 0.1412 |
[INFO] iCaRL.py:114 > Task 8 | Epoch 3/20 | lr 0.0505 | train_loss 0.4579 | train_acc 0.8757 | test_loss 4.7401 | test_acc 0.1688 |
[INFO] iCaRL.py:114 > Task 8 | Epoch 4/20 | lr 0.1000 | train_loss 0.3914 | train_acc 0.8849 | test_loss 4.9457 | test_acc 0.1786 |
[INFO] iCaRL.py:114 > Task 8 | Epoch 5/20 | lr 0.0855 | train_loss 0.3231 | train_acc 0.9076 | test_loss 4.7620 | test_acc 0.1980 |
[INFO] iCaRL.py:114 > Task 8 | Epoch 6/20 | lr 0.0505 | train_loss 0.2355 | train_acc 0.9338 | test_loss 4.6834 | test_acc 0.2108 |
[INFO] iCaRL.py:114 > Task 8 | Epoch 7/20 | lr 0.0155 | train_loss 0.1597 | train_acc 0.9559 | test_loss 4.7814 | test_acc 0.2093 |
[INFO] iCaRL.py:114 > Task 8 | Epoch 8/20 | lr 0.1000 | train_loss 0.2016 | train_acc 0.9405 | test_loss 5.0733 | test_acc 0.2010 |
[INFO] iCaRL.py:114 > Task 8 | Epoch 9/20 | lr 0.0962 | train_loss 0.2001 | train_acc 0.9371 | test_loss 5.3142 | test_acc 0.1892 |
[INFO] iCaRL.py:114 > Task 8 | Epoch 10/20 | lr 0.0855 | train_loss 0.1631 | train_acc 0.9492 | test_loss 5.3883 | test_acc 0.2069 |
[INFO] iCaRL.py:114 > Task 8 | Epoch 11/20 | lr 0.0694 | train_loss 0.1096 | train_acc 0.9667 | test_loss 5.2865 | test_acc 0.2160 |
[INFO] main.py:87 > set train/test datalist for the current task!
[INFO] finetune.py:100 > Apply before_task
[INFO] finetune.py:104 > Increasing fc layer:  90  ---->  100
[INFO] finetune.py:123 > Reset the optimizer and scheduler states
[INFO] iCaRL.py:69 > ##########Start Training##########
[INFO] iCaRL.py:76 > New training samples: 5000
[INFO] iCaRL.py:77 > In-memory samples: 450
[INFO] iCaRL.py:78 > Train samples: 5450
[INFO] iCaRL.py:79 > Test samples: 10000
[INFO] iCaRL.py:114 > Task 9 | Epoch 1/20 | lr 0.1000 | train_loss 2.0812 | train_acc 0.5699 | test_loss 6.3862 | test_acc 0.0965 |
[INFO] iCaRL.py:114 > Task 9 | Epoch 2/20 | lr 0.1000 | train_loss 0.6775 | train_acc 0.7997 | test_loss 5.0700 | test_acc 0.1575 |
[INFO] iCaRL.py:114 > Task 9 | Epoch 3/20 | lr 0.0505 | train_loss 0.4364 | train_acc 0.8739 | test_loss 5.0908 | test_acc 0.1552 |
[INFO] iCaRL.py:114 > Task 9 | Epoch 4/20 | lr 0.1000 | train_loss 0.3939 | train_acc 0.8804 | test_loss 5.5876 | test_acc 0.1525 |
[INFO] iCaRL.py:114 > Task 9 | Epoch 5/20 | lr 0.0855 | train_loss 0.3103 | train_acc 0.9040 | test_loss 5.0687 | test_acc 0.1694 |
[INFO] iCaRL.py:114 > Task 9 | Epoch 6/20 | lr 0.0505 | train_loss 0.2039 | train_acc 0.9373 | test_loss 5.3547 | test_acc 0.1826 |
[INFO] iCaRL.py:114 > Task 9 | Epoch 7/20 | lr 0.0155 | train_loss 0.1450 | train_acc 0.9611 | test_loss 5.2896 | test_acc 0.1851 |
[INFO] iCaRL.py:114 > Task 9 | Epoch 8/20 | lr 0.1000 | train_loss 0.1726 | train_acc 0.9451 | test_loss 5.9812 | test_acc 0.1695 |
[INFO] iCaRL.py:114 > Task 9 | Epoch 9/20 | lr 0.0962 | train_loss 0.1819 | train_acc 0.9435 | test_loss 6.0019 | test_acc 0.1666 |
[INFO] iCaRL.py:114 > Task 9 | Epoch 10/20 | lr 0.0855 | train_loss 0.1506 | train_acc 0.9557 | test_loss 6.0470 | test_acc 0.1765 |
[INFO] main.py:109 > ======== Summary =======
[INFO] main.py:110 > A_last 0.1851
